<?xml version="1.0" encoding="UTF-8"?>
<!-- Generated by org.testng.reporters.JUnitReportReporter -->
<testsuite hostname="LAPTOP-PO4FGII6" failures="0" tests="1" name="com.json.testcases.ForeignPlayerTest" time="0.031" errors="0" timestamp="2023-02-27T16:07:24 IST" skipped="0">
  <testcase classname="com.json.testcases.ForeignPlayerTest" name="checkForeignPlayer" time="0.031"/>
  <system-out/>
</testsuite> <!-- com.json.testcases.ForeignPlayerTest -->
