<?xml version="1.0" encoding="UTF-8"?>
<!-- Generated by org.testng.reporters.JUnitReportReporter -->
<testsuite hostname="LAPTOP-PO4FGII6" failures="0" tests="1" name="com.json.testcases.WicketKeeperTest" time="0.014" errors="0" timestamp="2023-02-27T16:07:24 IST" skipped="0">
  <testcase classname="com.json.testcases.WicketKeeperTest" name="checkWicketKeeper" time="0.014"/>
  <system-out/>
</testsuite> <!-- com.json.testcases.WicketKeeperTest -->
